TN:
SF:C:\Users\swurve\Documents\GitHub\CalculateMyPaycheck\node_modules\karma-jasmine\lib\boot.js
FN:6,(anonymous_1)
FNF:1
FNH:1
FNDA:1,(anonymous_1)
DA:6,1
DA:15,1
DA:20,1
DA:26,1
DA:27,1
DA:28,1
DA:29,1
DA:37,1
DA:38,16
DA:39,16
LF:10
LH:10
BRDA:38,1,0,16
BRDA:38,1,1,0
BRDA:43,2,0,1
BRDA:43,2,1,0
BRF:4
BRH:2
end_of_record
TN:
SF:C:\Users\swurve\Documents\GitHub\CalculateMyPaycheck\node_modules\karma-jasmine\lib\adapter.js
FN:1,(anonymous_1)
FN:11,isExternalStackEntry
FN:24,getRelevantStackFrom
FN:63,formatFailedStep
FN:118,SuiteNode
FN:123,(anonymous_6)
FN:131,processSuite
FN:151,getAllSpecNames
FN:163,KarmaReporter
FN:171,isTopLevelSuite
FN:186,(anonymous_11)
FN:195,(anonymous_12)
FN:202,(anonymous_13)
FN:209,(anonymous_14)
FN:220,(anonymous_15)
FN:225,(anonymous_16)
FN:262,(anonymous_17)
FN:277,(anonymous_18)
FN:281,(anonymous_19)
FN:290,(anonymous_20)
FN:292,(anonymous_21)
FN:297,(anonymous_22)
FN:312,createStartFn
FN:314,(anonymous_24)
FNF:24
FNH:21
FNDA:1,(anonymous_1)
FNDA:0,isExternalStackEntry
FNDA:0,getRelevantStackFrom
FNDA:0,formatFailedStep
FNDA:2,SuiteNode
FNDA:1,(anonymous_6)
FNDA:2,processSuite
FNDA:1,getAllSpecNames
FNDA:1,KarmaReporter
FNDA:1,isTopLevelSuite
FNDA:1,(anonymous_11)
FNDA:1,(anonymous_12)
FNDA:1,(anonymous_13)
FNDA:1,(anonymous_14)
FNDA:4,(anonymous_15)
FNDA:4,(anonymous_16)
FNDA:1,(anonymous_17)
FNDA:1,(anonymous_18)
FNDA:4,(anonymous_19)
FNDA:1,(anonymous_20)
FNDA:1,(anonymous_21)
FNDA:4,(anonymous_22)
FNDA:1,createStartFn
FNDA:1,(anonymous_24)
DA:1,1
DA:11,1
DA:12,0
DA:24,1
DA:25,0
DA:28,0
DA:30,0
DA:31,0
DA:32,0
DA:38,0
DA:39,0
DA:42,0
DA:43,0
DA:44,0
DA:48,0
DA:63,1
DA:66,0
DA:68,0
DA:69,0
DA:73,0
DA:75,0
DA:81,0
DA:82,0
DA:85,0
DA:89,0
DA:94,0
DA:96,0
DA:101,0
DA:104,0
DA:114,0
DA:118,1
DA:119,2
DA:120,2
DA:121,2
DA:123,2
DA:124,1
DA:125,1
DA:126,1
DA:131,1
DA:132,2
DA:133,2
DA:135,2
DA:136,5
DA:138,5
DA:139,1
DA:140,1
DA:142,4
DA:143,0
DA:145,4
DA:151,1
DA:152,1
DA:154,1
DA:156,1
DA:163,1
DA:165,1
DA:171,1
DA:172,1
DA:186,1
DA:188,1
DA:195,1
DA:196,1
DA:202,1
DA:203,1
DA:204,1
DA:209,1
DA:212,1
DA:213,0
DA:216,1
DA:220,1
DA:221,4
DA:225,1
DA:226,4
DA:228,4
DA:239,4
DA:240,4
DA:241,4
DA:242,4
DA:245,4
DA:246,0
DA:247,0
DA:248,0
DA:252,4
DA:253,4
DA:262,1
DA:263,1
DA:265,1
DA:266,1
DA:269,1
DA:270,1
DA:277,1
DA:278,1
DA:279,1
DA:281,1
DA:282,4
DA:290,1
DA:291,1
DA:293,1
DA:297,1
DA:298,4
DA:312,1
DA:314,1
DA:315,1
DA:317,1
DA:318,1
DA:323,1
DA:324,1
LF:106
LH:75
BRDA:12,1,0,0
BRDA:12,1,1,0
BRDA:12,1,2,0
BRDA:12,2,0,0
BRDA:12,2,1,0
BRDA:31,3,0,0
BRDA:31,3,1,0
BRDA:38,4,0,0
BRDA:38,4,1,0
BRDA:43,5,0,0
BRDA:43,5,1,0
BRDA:66,6,0,0
BRDA:66,6,1,0
BRDA:82,7,0,0
BRDA:82,7,1,0
BRDA:82,8,0,0
BRDA:82,8,1,0
BRDA:94,9,0,0
BRDA:94,9,1,0
BRDA:101,10,0,0
BRDA:101,10,1,0
BRDA:101,11,0,0
BRDA:101,11,1,0
BRDA:138,12,0,1
BRDA:138,12,1,4
BRDA:142,13,0,0
BRDA:142,13,1,4
BRDA:203,14,0,1
BRDA:203,14,1,0
BRDA:212,15,0,0
BRDA:212,15,1,1
BRDA:226,16,0,4
BRDA:226,16,1,4
BRDA:235,17,0,0
BRDA:235,17,1,4
BRDA:245,18,0,0
BRDA:245,18,1,4
BRDA:263,19,0,1
BRDA:263,19,1,0
BRDA:265,20,0,1
BRDA:265,20,1,0
BRDA:270,21,0,0
BRDA:270,21,1,1
BRDA:278,22,0,1
BRDA:278,22,1,1
BRDA:278,22,2,0
BRDA:315,23,0,1
BRDA:315,23,1,1
BRDA:326,24,0,1
BRDA:326,24,1,0
BRF:50
BRH:17
end_of_record
